<?xml version="1.0" encoding="UTF-8"?>
<testsuites>
  <testsuite name="CodeIgniter Application Test Suite" tests="4" assertions="4" failures="0" errors="0" time="0.997399">
    <testsuite name="Welcome_test" file="C:\xampp\htdocs\rekomendasi\application\Test\controllers\Welcome_test.php" fullPackage="Welcome" tests="4" assertions="4" failures="0" errors="0" time="0.997399">
      <testcase name="test_gaussian1" class="Welcome_test" file="C:\xampp\htdocs\rekomendasi\application\Test\controllers\Welcome_test.php" line="13" assertions="1" time="0.958516"/>
      <testcase name="test_gaussian2" class="Welcome_test" file="C:\xampp\htdocs\rekomendasi\application\Test\controllers\Welcome_test.php" line="20" assertions="1" time="0.012336"/>
      <testcase name="test_gaussian3" class="Welcome_test" file="C:\xampp\htdocs\rekomendasi\application\Test\controllers\Welcome_test.php" line="27" assertions="1" time="0.011413"/>
      <testcase name="test_avg_std" class="Welcome_test" file="C:\xampp\htdocs\rekomendasi\application\Test\controllers\Welcome_test.php" line="34" assertions="1" time="0.015134"/>
    </testsuite>
  </testsuite>
</testsuites>
